2023-03-09 15:43:22.760  INFO 1868 --- [restartedMain] com.capg.campsite.CampsiteApplication    : Starting CampsiteApplication using Java 17.0.5 on INLEN8520075788 with PID 1868 (C:\Users\ALHARIKA\Downloads\12345\Campsite\target\classes started by alharika in C:\Users\ALHARIKA\Downloads\12345\Campsite)
2023-03-09 15:43:22.801  INFO 1868 --- [restartedMain] com.capg.campsite.CampsiteApplication    : No active profile set, falling back to 1 default profile: "default"
2023-03-09 15:43:23.088  INFO 1868 --- [restartedMain] .e.DevToolsPropertyDefaultsPostProcessor : Devtools property defaults active! Set 'spring.devtools.add-properties' to 'false' to disable
2023-03-09 15:43:23.090  INFO 1868 --- [restartedMain] .e.DevToolsPropertyDefaultsPostProcessor : For additional web related logging consider setting the 'logging.level.web' property to 'DEBUG'
2023-03-09 15:43:28.343  INFO 1868 --- [restartedMain] .s.d.r.c.RepositoryConfigurationDelegate : Bootstrapping Spring Data JPA repositories in DEFAULT mode.
2023-03-09 15:43:28.688  INFO 1868 --- [restartedMain] .s.d.r.c.RepositoryConfigurationDelegate : Finished Spring Data repository scanning in 298 ms. Found 3 JPA repository interfaces.
2023-03-09 15:43:33.583  INFO 1868 --- [restartedMain] o.s.b.w.embedded.tomcat.TomcatWebServer  : Tomcat initialized with port(s): 8081 (http)
2023-03-09 15:43:33.663  INFO 1868 --- [restartedMain] o.apache.catalina.core.StandardService   : Starting service [Tomcat]
2023-03-09 15:43:33.665  INFO 1868 --- [restartedMain] org.apache.catalina.core.StandardEngine  : Starting Servlet engine: [Apache Tomcat/9.0.68]
2023-03-09 15:43:34.259  INFO 1868 --- [restartedMain] o.a.c.c.C.[Tomcat].[localhost].[/]       : Initializing Spring embedded WebApplicationContext
2023-03-09 15:43:34.268  INFO 1868 --- [restartedMain] w.s.c.ServletWebServerApplicationContext : Root WebApplicationContext: initialization completed in 11174 ms
2023-03-09 15:43:35.356  INFO 1868 --- [restartedMain] o.hibernate.jpa.internal.util.LogHelper  : HHH000204: Processing PersistenceUnitInfo [name: default]
2023-03-09 15:43:35.933  INFO 1868 --- [restartedMain] org.hibernate.Version                    : HHH000412: Hibernate ORM core version 5.6.12.Final
2023-03-09 15:43:37.077  INFO 1868 --- [restartedMain] o.hibernate.annotations.common.Version   : HCANN000001: Hibernate Commons Annotations {5.1.2.Final}
2023-03-09 15:43:37.676  INFO 1868 --- [restartedMain] com.zaxxer.hikari.HikariDataSource       : HikariPool-1 - Starting...
2023-03-09 15:43:38.311  INFO 1868 --- [restartedMain] com.zaxxer.hikari.HikariDataSource       : HikariPool-1 - Start completed.
2023-03-09 15:43:38.393  INFO 1868 --- [restartedMain] org.hibernate.dialect.Dialect            : HHH000400: Using dialect: org.hibernate.dialect.PostgreSQLDialect
2023-03-09 15:43:41.788  INFO 1868 --- [restartedMain] o.h.e.t.j.p.i.JtaPlatformInitiator       : HHH000490: Using JtaPlatform implementation: [org.hibernate.engine.transaction.jta.platform.internal.NoJtaPlatform]
2023-03-09 15:43:41.811  INFO 1868 --- [restartedMain] j.LocalContainerEntityManagerFactoryBean : Initialized JPA EntityManagerFactory for persistence unit 'default'
2023-03-09 15:43:44.422  WARN 1868 --- [restartedMain] JpaBaseConfiguration$JpaWebConfiguration : spring.jpa.open-in-view is enabled by default. Therefore, database queries may be performed during view rendering. Explicitly configure spring.jpa.open-in-view to disable this warning
2023-03-09 15:43:45.060  INFO 1868 --- [restartedMain] pertySourcedRequestMappingHandlerMapping : Mapped URL path [/v2/api-docs] onto method [springfox.documentation.swagger2.web.Swagger2Controller#getDocumentation(String, HttpServletRequest)]
2023-03-09 15:43:45.765  INFO 1868 --- [restartedMain] o.s.b.d.a.OptionalLiveReloadServer       : LiveReload server is running on port 35729
2023-03-09 15:43:46.875  INFO 1868 --- [restartedMain] o.s.b.w.embedded.tomcat.TomcatWebServer  : Tomcat started on port(s): 8081 (http) with context path ''
2023-03-09 15:43:46.882  INFO 1868 --- [restartedMain] d.s.w.p.DocumentationPluginsBootstrapper : Context refreshed
2023-03-09 15:43:46.982  INFO 1868 --- [restartedMain] d.s.w.p.DocumentationPluginsBootstrapper : Found 1 custom documentation plugin(s)
2023-03-09 15:43:47.106  INFO 1868 --- [restartedMain] s.d.s.w.s.ApiListingReferenceScanner     : Scanning for api listing references
2023-03-09 15:43:48.091  INFO 1868 --- [restartedMain] com.capg.campsite.CampsiteApplication    : Started CampsiteApplication in 26.976 seconds (JVM running for 28.877)
2023-03-09 15:43:59.315  INFO 1868 --- [http-nio-8081-exec-1] o.a.c.c.C.[Tomcat].[localhost].[/]       : Initializing Spring DispatcherServlet 'dispatcherServlet'
2023-03-09 15:43:59.315  INFO 1868 --- [http-nio-8081-exec-1] o.s.web.servlet.DispatcherServlet        : Initializing Servlet 'dispatcherServlet'
2023-03-09 15:43:59.318  INFO 1868 --- [http-nio-8081-exec-1] o.s.web.servlet.DispatcherServlet        : Completed initialization in 2 ms
